INFO: 2019-06-25 22:52:29,881: perform_upgrade() 'Last run version was 0.7.2 or earlier, current version is 0.7.2'
INFO: 2019-06-25 22:52:29,974: process_command() 'Received command: ['-n']'
INFO: 2019-06-25 22:52:29,997: load() 'Jumble loading'
INFO: 2019-06-25 22:52:29,998: _walk_modules() 'Jumble loading module in __init__ from /usr/share/variety/plugins/__init__.py'
INFO: 2019-06-25 22:52:30,000: _walk_modules() 'Jumble loading module in QuotesDaddySource from /usr/share/variety/plugins/quotes/QuotesDaddySource.py'
INFO: 2019-06-25 22:52:30,002: load() 'Jumble found plugin class: <class 'QuotesDaddySource.QuotesDaddySource'>: {'name': 'QuotesDaddy', 'description': "Fetches quotes from QuotesDaddy's daily quotes RSS feed.\nDoes not support searching by tags or authors.", 'author': 'Peter Levi', 'version': '0.1'}'
INFO: 2019-06-25 22:52:30,003: _walk_modules() 'Jumble loading module in LocalFilesSource from /usr/share/variety/plugins/quotes/LocalFilesSource.py'
INFO: 2019-06-25 22:52:30,005: load() 'Jumble found plugin class: <class 'LocalFilesSource.LocalFilesSource'>: {'name': 'Local text files', 'description': 'Displays quotes, defined in local text files.\nPut your own txt files in: ~/.config/variety/pluginconfig/quotes/.\nThe file format is:\n\nquote -- author\n.\nsecond quote -- another author\n.\netc...\n\nExample: http://rvelthuis.de/zips/quotes.txt', 'author': 'Peter Levi', 'version': '0.1'}'
INFO: 2019-06-25 22:52:30,006: _walk_modules() 'Jumble loading module in __init__ from /usr/share/variety/plugins/quotes/__init__.py'
INFO: 2019-06-25 22:52:30,007: _walk_modules() 'Jumble loading module in GoodreadsSource from /usr/share/variety/plugins/quotes/GoodreadsSource.py'
INFO: 2019-06-25 22:52:30,013: load() 'Jumble found plugin class: <class 'GoodreadsSource.GoodreadsSource'>: {'name': 'Goodreads', 'description': 'Fetches quotes from Goodreads.com', 'author': 'Peter Levi', 'version': '0.1'}'
INFO: 2019-06-25 22:52:30,014: _walk_modules() 'Jumble loading module in QuotationsPageSource from /usr/share/variety/plugins/quotes/QuotationsPageSource.py'
INFO: 2019-06-25 22:52:30,015: load() 'Jumble found plugin class: <class 'QuotationsPageSource.QuotationsPageSource'>: {'name': 'TheQuotationsPage.com', 'description': 'Fetches quotes from TheQuotationsPage.com', 'author': 'Peter Levi', 'version': '0.1'}'
INFO: 2019-06-25 22:52:30,018: reload_config() 'Creating new downloader for type 6, location Random wallpapers from Desktoppr.co'
INFO: 2019-06-25 22:52:30,018: reload_config() 'Creating new downloader for type 15, location Bing Photo of the Day'
INFO: 2019-06-25 22:52:30,018: reload_config() 'Creating new downloader for type 16, location High-resolution photos from Unsplash.com'
INFO: 2019-06-25 22:52:30,018: reload_config() 'Creating new downloader for type 7, location user:www.flickr.com/photos/peter-levi/;user_id:93647178@N00;'
INFO: 2019-06-25 22:52:30,018: reload_config() 'Creating new downloader for type 14, location https://www.reddit.com/r/wallpapers/'
INFO: 2019-06-25 22:52:30,018: reload_config() 'Creating new downloader for type 14, location https://www.reddit.com/r/Animewallpaper/'
INFO: 2019-06-25 22:52:30,018: reload_config() 'Creating new downloader for type 14, location https://www.reddit.com/r/wallpaper/'
INFO: 2019-06-25 22:52:30,019: reload_config() 'Creating new downloader for type 13, location https://alpha.wallhaven.cc/random?page=5'
INFO: 2019-06-25 22:52:30,019: reload_config() 'Creating new downloader for type 13, location https://alpha.wallhaven.cc/search?q=game&categories=111&purity=100&topRange=1M&sorting=toplist&order=desc'
INFO: 2019-06-25 22:52:30,019: log_options() 'Loaded options:'
INFO: 2019-06-25 22:52:30,019: log_options() 'change_enabled = False'
INFO: 2019-06-25 22:52:30,019: log_options() 'change_interval = 120'
INFO: 2019-06-25 22:52:30,019: log_options() 'change_on_start = False'
INFO: 2019-06-25 22:52:30,019: log_options() 'clipboard_enabled = False'
INFO: 2019-06-25 22:52:30,019: log_options() 'clipboard_hosts = ['wallhaven.cc', 'wallpapers.net', 'flickr.com', 'imgur.com', 'deviantart.com', 'interfacelift.com', 'vladstudio.com', 'imageshack.us', 'deviantart.net', 'imageshack.com']'
INFO: 2019-06-25 22:52:30,019: log_options() 'clipboard_use_whitelist = True'
INFO: 2019-06-25 22:52:30,020: log_options() 'clock_date_font = Ubuntu Condensed, 30'
INFO: 2019-06-25 22:52:30,020: log_options() 'clock_enabled = False'
INFO: 2019-06-25 22:52:30,020: log_options() 'clock_filter = -density 100 -font `fc-match -f '%{file[0]}' '%CLOCK_FONT_NAME'` -pointsize %CLOCK_FONT_SIZE -gravity SouthEast -fill '#00000044' -annotate 0x0+[%HOFFSET+58]+[%VOFFSET+108] '%H:%M' -fill white -annotate 0x0+[%HOFFSET+60]+[%VOFFSET+110] '%H:%M' -font `fc-match -f '%{file[0]}' '%DATE_FONT_NAME'` -pointsize %DATE_FONT_SIZE -fill '#00000044' -annotate 0x0+[%HOFFSET+58]+[%VOFFSET+58] '%A, %B %d' -fill white -annotate 0x0+[%HOFFSET+60]+[%VOFFSET+60] '%A, %B %d''
INFO: 2019-06-25 22:52:30,020: log_options() 'clock_font = Ubuntu Condensed, 70'
INFO: 2019-06-25 22:52:30,020: log_options() 'configfile = /home/tony/.config/variety/variety.conf'
INFO: 2019-06-25 22:52:30,020: log_options() 'copyto_enabled = False'
INFO: 2019-06-25 22:52:30,020: log_options() 'copyto_folder = Default'
INFO: 2019-06-25 22:52:30,020: log_options() 'desired_color = [160, 160, 160]'
INFO: 2019-06-25 22:52:30,020: log_options() 'desired_color_enabled = False'
INFO: 2019-06-25 22:52:30,020: log_options() 'download_enabled = True'
INFO: 2019-06-25 22:52:30,020: log_options() 'download_folder = /home/tony/.config/variety/Downloaded'
INFO: 2019-06-25 22:52:30,020: log_options() 'download_interval = 60'
INFO: 2019-06-25 22:52:30,020: log_options() 'favorites_folder = /home/tony/.config/variety/Favorites'
INFO: 2019-06-25 22:52:30,020: log_options() 'favorites_operations = [['Downloaded', 'Copy'], ['Fetched', 'Move'], ['Others', 'Copy']]'
INFO: 2019-06-25 22:52:30,020: log_options() 'fetched_folder = /home/tony/.config/variety/Fetched'
INFO: 2019-06-25 22:52:30,020: log_options() 'filters = [[False, 'Keep original', ''], [False, 'Grayscale', '-type Grayscale'], [False, 'Heavy blur', '-blur 120x40'], [False, 'Soft blur', '-blur 20x7'], [False, 'Oil painting', '-paint 8'], [False, 'Pencil sketch', '-colorspace gray \\( +clone -tile ~/.config/variety/pencil_tile.png -draw "color 0,0 reset" +clone +swap -compose color_dodge -composite \\) -fx \'u*.2+v*.8\''], [False, 'Pointilism', '-spread 10 -noise 3'], [False, 'Pixellate', '-scale 3% -scale 3333%']]'
INFO: 2019-06-25 22:52:30,020: log_options() 'icon = Light'
INFO: 2019-06-25 22:52:30,021: log_options() 'lightness_enabled = True'
INFO: 2019-06-25 22:52:30,021: log_options() 'lightness_mode = 0'
INFO: 2019-06-25 22:52:30,021: log_options() 'min_rating = 4'
INFO: 2019-06-25 22:52:30,021: log_options() 'min_rating_enabled = False'
INFO: 2019-06-25 22:52:30,021: log_options() 'min_size = 80'
INFO: 2019-06-25 22:52:30,021: log_options() 'min_size_enabled = False'
INFO: 2019-06-25 22:52:30,021: log_options() 'quota_enabled = True'
INFO: 2019-06-25 22:52:30,021: log_options() 'quota_size = 500'
INFO: 2019-06-25 22:52:30,021: log_options() 'quotes_authors = '
INFO: 2019-06-25 22:52:30,021: log_options() 'quotes_bg_color = [80, 80, 80]'
INFO: 2019-06-25 22:52:30,021: log_options() 'quotes_bg_opacity = 55'
INFO: 2019-06-25 22:52:30,021: log_options() 'quotes_change_enabled = False'
INFO: 2019-06-25 22:52:30,021: log_options() 'quotes_change_interval = 300'
INFO: 2019-06-25 22:52:30,021: log_options() 'quotes_disabled_sources = ['QuotesDaddy']'
INFO: 2019-06-25 22:52:30,021: log_options() 'quotes_enabled = False'
INFO: 2019-06-25 22:52:30,021: log_options() 'quotes_favorites_file = /home/tony/.config/variety/favorite_quotes.txt'
INFO: 2019-06-25 22:52:30,021: log_options() 'quotes_font = Bitstream Charter 30'
INFO: 2019-06-25 22:52:30,021: log_options() 'quotes_hpos = 100'
INFO: 2019-06-25 22:52:30,022: log_options() 'quotes_tags = '
INFO: 2019-06-25 22:52:30,022: log_options() 'quotes_text_color = [255, 255, 255]'
INFO: 2019-06-25 22:52:30,022: log_options() 'quotes_text_shadow = False'
INFO: 2019-06-25 22:52:30,022: log_options() 'quotes_vpos = 40'
INFO: 2019-06-25 22:52:30,022: log_options() 'quotes_width = 70'
INFO: 2019-06-25 22:52:30,022: log_options() 'safe_mode = False'
INFO: 2019-06-25 22:52:30,022: log_options() 'slideshow_custom_enabled = False'
INFO: 2019-06-25 22:52:30,022: log_options() 'slideshow_custom_folder = /home/tony/Pictures'
INFO: 2019-06-25 22:52:30,022: log_options() 'slideshow_downloads_enabled = False'
INFO: 2019-06-25 22:52:30,022: log_options() 'slideshow_fade = 0.4'
INFO: 2019-06-25 22:52:30,022: log_options() 'slideshow_favorites_enabled = True'
INFO: 2019-06-25 22:52:30,022: log_options() 'slideshow_mode = Fullscreen'
INFO: 2019-06-25 22:52:30,022: log_options() 'slideshow_monitor = All'
INFO: 2019-06-25 22:52:30,022: log_options() 'slideshow_pan = 0.05'
INFO: 2019-06-25 22:52:30,022: log_options() 'slideshow_seconds = 6.0'
INFO: 2019-06-25 22:52:30,022: log_options() 'slideshow_sort_order = Random'
INFO: 2019-06-25 22:52:30,022: log_options() 'slideshow_sources_enabled = True'
INFO: 2019-06-25 22:52:30,023: log_options() 'slideshow_zoom = 0.2'
INFO: 2019-06-25 22:52:30,023: log_options() 'smart_enabled = False'
INFO: 2019-06-25 22:52:30,023: log_options() 'smart_notice_shown = False'
INFO: 2019-06-25 22:52:30,023: log_options() 'smart_register_shown = False'
INFO: 2019-06-25 22:52:30,023: log_options() 'sources = [[True, 3, 'The Favorites folder'], [True, 4, 'The Fetched folder'], [False, 2, '/usr/share/backgrounds'], [True, 6, 'Random wallpapers from Desktoppr.co'], [True, 15, 'Bing Photo of the Day'], [True, 16, 'High-resolution photos from Unsplash.com'], [False, 8, "NASA's Astronomy Picture of the Day"], [False, 11, 'World Sunlight Map - live wallpaper from Die.net'], [True, 7, 'user:www.flickr.com/photos/peter-levi/;user_id:93647178@N00;'], [True, 14, 'https://www.reddit.com/r/wallpapers/'], [True, 14, 'https://www.reddit.com/r/Animewallpaper/'], [True, 14, 'https://www.reddit.com/r/wallpaper/'], [True, 13, 'https://alpha.wallhaven.cc/random?page=5'], [True, 13, 'https://alpha.wallhaven.cc/search?q=game&categories=111&purity=100&topRange=1M&sorting=toplist&order=desc']]'
INFO: 2019-06-25 22:52:30,023: log_options() 'stats_enabled = True'
INFO: 2019-06-25 22:52:30,023: log_options() 'stats_notice_shown = False'
INFO: 2019-06-25 22:52:30,023: log_options() 'sync_enabled = True'
INFO: 2019-06-25 22:52:30,023: log_options() 'use_landscape_enabled = True'
INFO: 2019-06-25 22:52:30,023: reload_config() 'No need to clear prepared queue'
INFO: 2019-06-25 22:52:30,024: load_last_change_time() 'Change interval < 6 hours, ignore persisted last_change_time, wait initially the whole interval: 120'
INFO: 2019-06-25 22:52:30,024: update_indicator() 'Setting file info to: /home/tony/.config/variety/Downloaded/reddit_www_reddit_com_r_Animewallpaper_/1YBVmJD.jpg'
INFO: 2019-06-25 22:52:30,025: regular_change_thread() 'regular_change thread running'
INFO: 2019-06-25 22:52:30,026: regular_change_thread() 'regular_change: waiting till user resumes'
INFO: 2019-06-25 22:52:30,026: prepare_thread() 'Prepare thread running'
INFO: 2019-06-25 22:52:30,026: prepare_thread() 'Prepared buffer contains 0 images'
INFO: 2019-06-25 22:52:30,027: prepare_thread() 'Preparing some images'
INFO: 2019-06-25 22:52:30,031: update_indicator_icon() 'Creating indicator'
WARNING: 2019-06-25 22:52:30,058: create_menu() 'Variety Slideshow is not installed. This is an optional extension adding pan-and-zoom slideshows to Variety: see https://github.com/peterlevi/variety-slideshow for details'
INFO: 2019-06-25 22:52:30,060: create_indicator() 'indicator backend: AppIndicator3'
INFO: 2019-06-25 22:52:30,077: set_from_theme_icon() 'Showing indicator icon variety-indicator from GTK theme'
INFO: 2019-06-25 22:52:30,078: update_indicator() 'Setting file info to: /home/tony/.config/variety/Downloaded/reddit_www_reddit_com_r_Animewallpaper_/1YBVmJD.jpg'
INFO: 2019-06-25 22:52:30,124: do_set_wp() 'Calling do_set_wp with /home/tony/.config/variety/Downloaded/reddit_www_reddit_com_r_Animewallpaper_/1YBVmJD.jpg, time: 1561492350.124545'
INFO: 2019-06-25 22:52:30,142: update_indicator() 'Setting file info to: /home/tony/.config/variety/Downloaded/reddit_www_reddit_com_r_Animewallpaper_/1YBVmJD.jpg'
INFO: 2019-06-25 22:52:31,640: reload() 'Reloading preferences dialog'
INFO: 2019-06-25 22:52:32,979: set_wallpaper() 'Calling set_wallpaper with /home/tony/.config/variety/Downloaded/reddit_www_reddit_com_r_wallpapers_/kx21tofzs6531.png'
INFO: 2019-06-25 22:52:32,979: do_set_wp() 'Calling do_set_wp with /home/tony/.config/variety/Downloaded/reddit_www_reddit_com_r_wallpapers_/kx21tofzs6531.png, time: 1561492352.979574'
INFO: 2019-06-25 22:52:33,031: update_indicator() 'Setting file info to: /home/tony/.config/variety/Downloaded/reddit_www_reddit_com_r_wallpapers_/kx21tofzs6531.png'
INFO: 2019-06-25 22:52:39,768: process_command() 'Received command: ['-n']'
INFO: 2019-06-25 22:52:39,774: set_wallpaper() 'Calling set_wallpaper with /home/tony/.config/variety/Downloaded/reddit_www_reddit_com_r_wallpapers_/aqk9lulnsi331.png'
INFO: 2019-06-25 22:52:39,774: do_set_wp() 'Calling do_set_wp with /home/tony/.config/variety/Downloaded/reddit_www_reddit_com_r_wallpapers_/aqk9lulnsi331.png, time: 1561492359.7749643'
INFO: 2019-06-25 22:52:39,802: update_indicator() 'Setting file info to: /home/tony/.config/variety/Downloaded/reddit_www_reddit_com_r_wallpapers_/aqk9lulnsi331.png'
INFO: 2019-06-25 22:52:40,909: prepare_thread() 'After search prepared buffer contains 23 images'
INFO: 2019-06-25 22:52:40,909: prepare_thread() 'Prepared buffer contains 23 images'
INFO: 2019-06-25 22:52:42,262: process_command() 'Received command: ['-n']'
INFO: 2019-06-25 22:52:42,269: set_wallpaper() 'Calling set_wallpaper with /home/tony/.config/variety/Downloaded/Unsplash/photo-1559657693-e816ff3bd9af.jpg'
INFO: 2019-06-25 22:52:42,269: prepare_thread() 'Prepared buffer contains 22 images'
INFO: 2019-06-25 22:52:42,269: do_set_wp() 'Calling do_set_wp with /home/tony/.config/variety/Downloaded/Unsplash/photo-1559657693-e816ff3bd9af.jpg, time: 1561492362.2696962'
INFO: 2019-06-25 22:52:42,291: update_indicator() 'Setting file info to: /home/tony/.config/variety/Downloaded/Unsplash/photo-1559657693-e816ff3bd9af.jpg'
INFO: 2019-06-25 22:52:45,294: process_command() 'Received command: ['-n']'
INFO: 2019-06-25 22:52:45,300: set_wallpaper() 'Calling set_wallpaper with /home/tony/.config/variety/Downloaded/reddit_www_reddit_com_r_wallpaper_/6n2o32w75q431.jpg'
INFO: 2019-06-25 22:52:45,300: prepare_thread() 'Prepared buffer contains 21 images'
INFO: 2019-06-25 22:52:45,301: do_set_wp() 'Calling do_set_wp with /home/tony/.config/variety/Downloaded/reddit_www_reddit_com_r_wallpaper_/6n2o32w75q431.jpg, time: 1561492365.3015068'
INFO: 2019-06-25 22:52:45,322: update_indicator() 'Setting file info to: /home/tony/.config/variety/Downloaded/reddit_www_reddit_com_r_wallpaper_/6n2o32w75q431.jpg'
INFO: 2019-06-25 22:52:48,243: process_command() 'Received command: ['-n']'
INFO: 2019-06-25 22:52:48,250: set_wallpaper() 'Calling set_wallpaper with /home/tony/.config/variety/Favorites/xkx76krkhaz21.jpg'
INFO: 2019-06-25 22:52:48,251: prepare_thread() 'Prepared buffer contains 20 images'
INFO: 2019-06-25 22:52:48,251: do_set_wp() 'Calling do_set_wp with /home/tony/.config/variety/Favorites/xkx76krkhaz21.jpg, time: 1561492368.2518034'
INFO: 2019-06-25 22:52:48,277: update_indicator() 'Setting file info to: /home/tony/.config/variety/Favorites/xkx76krkhaz21.jpg'
INFO: 2019-06-25 22:52:50,048: server_options_thread() 'Fetching server options from http://tiny.cc/variety-options-063'
INFO: 2019-06-25 22:53:00,111: server_options_thread() 'Fetched server options: {'flickr': {'min_fill_queue_interval': 1200, 'min_download_interval': 1200}, 'wallbase': {'min_fill_queue_interval': 1800, 'min_download_interval': 1800}, 'wallhaven': {'min_fill_queue_interval': 1800, 'min_download_interval': 1800}, 'wallpapers.net': {'min_fill_queue_interval': 600, 'min_download_interval': 0}, 'unsplash': {'min_fill_queue_interval': 20000000000, 'min_download_interval': 20000000000}, 'unsplash_v2': {'min_fill_queue_interval': 1800, 'min_download_interval': 600}, 'status_message': {'0.0.1': '', '*': ''}}'
INFO: 2019-06-25 22:53:30,036: purge_downloaded() 'Refreshed download folder size: 440 mb'
INFO: 2019-06-25 22:53:30,036: parse_server_options() 'Wallhaven.cc: parsing serverside options'
INFO: 2019-06-25 22:53:30,037: parse_server_options() 'Wallhaven.cc serverside options: {'min_fill_queue_interval': 1800, 'min_download_interval': 1800}'
INFO: 2019-06-25 22:53:30,037: download_one() 'Downloading an image from Wallhaven.cc, https://alpha.wallhaven.cc/search?q=game&categories=111&purity=100&topRange=1M&sorting=toplist&order=desc'
INFO: 2019-06-25 22:53:30,037: download_one() 'Queue size: 0'
INFO: 2019-06-25 22:53:30,037: fill_queue() 'Filling wallhaven queue: https://alpha.wallhaven.cc/search?q=game&categories=111&purity=100&topRange=1M&sorting=toplist&order=desc'
INFO: 2019-06-25 22:53:30,038: search() 'Performing wallhaven search: url=https://alpha.wallhaven.cc/search?q=game&categories=111&purity=100&topRange=1M&sorting=toplist&order=desc'
INFO: 2019-06-25 22:53:33,610: fill_queue() '300 wallpapers in result, using page 6'
INFO: 2019-06-25 22:53:33,611: search() 'Performing wallhaven search: url=https://alpha.wallhaven.cc/search?q=game&categories=111&purity=100&topRange=1M&sorting=toplist&order=desc&page=6'
INFO: 2019-06-25 22:53:37,899: fill_queue() 'Wallhaven queue populated with 0 URLs'
INFO: 2019-06-25 22:53:37,899: download_one() 'Wallhaven queue still empty after fill request'
INFO: 2019-06-25 22:54:13,977: process_command() 'Received command: ['-n']'
INFO: 2019-06-25 22:54:13,983: set_wallpaper() 'Calling set_wallpaper with /home/tony/.config/variety/Downloaded/Desktoppr/sci_fi__3_.png'
INFO: 2019-06-25 22:54:13,983: prepare_thread() 'Prepared buffer contains 19 images'
INFO: 2019-06-25 22:54:13,984: do_set_wp() 'Calling do_set_wp with /home/tony/.config/variety/Downloaded/Desktoppr/sci_fi__3_.png, time: 1561492453.9841099'
INFO: 2019-06-25 22:54:14,005: update_indicator() 'Setting file info to: /home/tony/.config/variety/Downloaded/Desktoppr/sci_fi__3_.png'
INFO: 2019-06-25 22:54:19,997: process_command() 'Received command: ['-n']'
INFO: 2019-06-25 22:54:20,005: set_wallpaper() 'Calling set_wallpaper with /home/tony/.config/variety/Downloaded/reddit_www_reddit_com_r_wallpapers_/aqk9lulnsi331.png'
INFO: 2019-06-25 22:54:20,005: prepare_thread() 'Prepared buffer contains 18 images'
INFO: 2019-06-25 22:54:20,006: do_set_wp() 'Calling do_set_wp with /home/tony/.config/variety/Downloaded/reddit_www_reddit_com_r_wallpapers_/aqk9lulnsi331.png, time: 1561492460.0065508'
INFO: 2019-06-25 22:54:20,029: update_indicator() 'Setting file info to: /home/tony/.config/variety/Downloaded/reddit_www_reddit_com_r_wallpapers_/aqk9lulnsi331.png'
INFO: 2019-06-25 22:54:21,996: process_command() 'Received command: ['-n']'
INFO: 2019-06-25 22:54:22,005: set_wallpaper() 'Calling set_wallpaper with /home/tony/.config/variety/Downloaded/Unsplash/photo-1556654262-6fb6cc00a3a9.jpg'
INFO: 2019-06-25 22:54:22,005: prepare_thread() 'Prepared buffer contains 17 images'
INFO: 2019-06-25 22:54:22,005: do_set_wp() 'Calling do_set_wp with /home/tony/.config/variety/Downloaded/Unsplash/photo-1556654262-6fb6cc00a3a9.jpg, time: 1561492462.0058136'
INFO: 2019-06-25 22:54:22,027: update_indicator() 'Setting file info to: /home/tony/.config/variety/Downloaded/Unsplash/photo-1556654262-6fb6cc00a3a9.jpg'
INFO: 2019-06-25 22:54:24,049: process_command() 'Received command: ['-n']'
INFO: 2019-06-25 22:54:24,056: set_wallpaper() 'Calling set_wallpaper with /home/tony/.config/variety/Downloaded/reddit_www_reddit_com_r_wallpaper_/kv2gh5hxna431.jpg'
INFO: 2019-06-25 22:54:24,057: prepare_thread() 'Prepared buffer contains 16 images'
INFO: 2019-06-25 22:54:24,057: do_set_wp() 'Calling do_set_wp with /home/tony/.config/variety/Downloaded/reddit_www_reddit_com_r_wallpaper_/kv2gh5hxna431.jpg, time: 1561492464.057875'
INFO: 2019-06-25 22:54:24,082: update_indicator() 'Setting file info to: /home/tony/.config/variety/Downloaded/reddit_www_reddit_com_r_wallpaper_/kv2gh5hxna431.jpg'
INFO: 2019-06-25 22:54:30,028: download_one() 'Downloading an image from Bing'
INFO: 2019-06-25 22:54:30,029: download_one() 'Queue size: 0'
INFO: 2019-06-25 22:54:30,029: fill_queue() 'Filling Bing queue from https://www.bing.com/gallery/'
INFO: 2019-06-25 22:54:30,724: fill_queue() 'Bing queue populated with 8 URLs'
INFO: 2019-06-25 22:54:30,724: save_locally() 'Origin URL: https://www.bing.com/gallery/#images/th?id=OHR.SutherlandFalls'
INFO: 2019-06-25 22:54:30,724: save_locally() 'Image URL: https://www.bing.com/th?id=OHR.SutherlandFalls_EN-US5254268111_1920x1080.jpg&rf=LaDigue_1920x1080.jpg&pid=hp'
INFO: 2019-06-25 22:54:30,725: save_locally() 'Local name: /home/tony/.config/variety/Downloaded/Bing/th.jpg'
INFO: 2019-06-25 22:54:30,725: save_locally() 'File already exists, skip downloading'
INFO: 2019-06-25 22:55:30,028: download_one() 'Downloading an image from Reddit, https://www.reddit.com/r/wallpapers/'
INFO: 2019-06-25 22:55:30,029: download_one() 'Queue size: 0'
INFO: 2019-06-25 22:55:30,029: fill_queue() 'Reddit URL: https://www.reddit.com/r/wallpapers/'
INFO: 2019-06-25 22:55:33,489: fill_queue() 'Reddit queue populated with 92 URLs'
INFO: 2019-06-25 22:55:33,489: save_locally() 'Origin URL: https://www.reddit.com/r/wallpapers/comments/c4atbm/sun_1920x1080/'
INFO: 2019-06-25 22:55:33,489: save_locally() 'Image URL: https://i.imgur.com/m7SDg6c.png'
INFO: 2019-06-25 22:55:33,489: save_locally() 'Local name: /home/tony/.config/variety/Downloaded/reddit_www_reddit_com_r_wallpapers_/m7SDg6c.png'
INFO: 2019-06-25 22:55:38,510: save_locally() 'Download complete'
INFO: 2019-06-25 22:55:38,511: update_indicator() 'Setting file info to: /home/tony/.config/variety/Downloaded/reddit_www_reddit_com_r_wallpaper_/kv2gh5hxna431.jpg'
INFO: 2019-06-25 22:55:38,642: prepare_thread() 'Prepared buffer contains 16 images'
INFO: 2019-06-25 22:56:30,029: parse_server_options() 'Wallhaven.cc: parsing serverside options'
INFO: 2019-06-25 22:56:30,029: parse_server_options() 'Wallhaven.cc serverside options: {'min_fill_queue_interval': 1800, 'min_download_interval': 1800}'
INFO: 2019-06-25 22:56:30,030: download_one() 'Downloading an image from Wallhaven.cc, https://alpha.wallhaven.cc/random?page=5'
INFO: 2019-06-25 22:56:30,030: download_one() 'Queue size: 0'
INFO: 2019-06-25 22:56:30,030: fill_queue() 'Filling wallhaven queue: https://alpha.wallhaven.cc/random?page=5'
INFO: 2019-06-25 22:56:30,030: search() 'Performing wallhaven search: url=https://alpha.wallhaven.cc/random?page=5'
INFO: 2019-06-25 22:56:32,995: fill_queue() '300 wallpapers in result, using page 9'
INFO: 2019-06-25 22:56:32,995: search() 'Performing wallhaven search: url=https://alpha.wallhaven.cc/random?page=5&page=9'
INFO: 2019-06-25 22:56:35,862: fill_queue() 'Wallhaven queue populated with 0 URLs'
INFO: 2019-06-25 22:56:35,862: download_one() 'Wallhaven queue still empty after fill request'
INFO: 2019-06-25 22:57:30,029: download_one() 'Downloading an image from Reddit, https://www.reddit.com/r/wallpapers/'
INFO: 2019-06-25 22:57:30,030: download_one() 'Queue size: 91'
INFO: 2019-06-25 22:57:30,315: save_locally() 'Origin URL: https://www.reddit.com/r/wallpapers/comments/c3fheb/3840_2160_athens_acropolis_an_athens_view/'
INFO: 2019-06-25 22:57:30,316: save_locally() 'Image URL: https://i.redd.it/a522c0fvkr531.jpg'
INFO: 2019-06-25 22:57:30,316: save_locally() 'Local name: /home/tony/.config/variety/Downloaded/reddit_www_reddit_com_r_wallpapers_/a522c0fvkr531.jpg'
INFO: 2019-06-25 22:57:33,304: save_locally() 'Download complete'
INFO: 2019-06-25 22:57:33,305: update_indicator() 'Setting file info to: /home/tony/.config/variety/Downloaded/reddit_www_reddit_com_r_wallpaper_/kv2gh5hxna431.jpg'
INFO: 2019-06-25 22:57:33,414: download_one_from() 'Adding downloaded file /home/tony/.config/variety/Downloaded/reddit_www_reddit_com_r_wallpapers_/a522c0fvkr531.jpg to prepared_from_downloads queue'
INFO: 2019-06-25 22:58:30,029: download_one() 'Downloading an image from Reddit, https://www.reddit.com/r/wallpaper/'
INFO: 2019-06-25 22:58:30,030: download_one() 'Queue size: 0'
INFO: 2019-06-25 22:58:30,030: fill_queue() 'Reddit URL: https://www.reddit.com/r/wallpaper/'
INFO: 2019-06-25 22:58:35,040: fill_queue() 'Reddit queue populated with 100 URLs'
INFO: 2019-06-25 22:58:35,040: save_locally() 'Origin URL: https://www.reddit.com/r/wallpaper/comments/c3dkqm/crater_lake_1920x1080/'
INFO: 2019-06-25 22:58:35,041: save_locally() 'Image URL: https://i.redd.it/orkzm3h4vq531.jpg'
INFO: 2019-06-25 22:58:35,041: save_locally() 'Local name: /home/tony/.config/variety/Downloaded/reddit_www_reddit_com_r_wallpaper_/orkzm3h4vq531.jpg'
INFO: 2019-06-25 22:58:37,357: save_locally() 'Download complete'
INFO: 2019-06-25 22:58:37,357: update_indicator() 'Setting file info to: /home/tony/.config/variety/Downloaded/reddit_www_reddit_com_r_wallpaper_/kv2gh5hxna431.jpg'
INFO: 2019-06-25 22:58:37,420: download_one_from() 'Adding downloaded file /home/tony/.config/variety/Downloaded/reddit_www_reddit_com_r_wallpaper_/orkzm3h4vq531.jpg to prepared_from_downloads queue'
INFO: 2019-06-25 22:59:30,030: parse_server_options() 'Flickr: parsing serverside options'
INFO: 2019-06-25 22:59:30,030: parse_server_options() 'Flickr serverside options: {'min_fill_queue_interval': 1200, 'min_download_interval': 1200}'
INFO: 2019-06-25 22:59:30,031: download_one() 'Downloading an image from Flickr, user:www.flickr.com/photos/peter-levi/;user_id:93647178@N00;'
INFO: 2019-06-25 22:59:30,031: download_one() 'Queue size: 0'
INFO: 2019-06-25 22:59:30,031: fill_queue() 'Filling Flickr download queue: user:www.flickr.com/photos/peter-levi/;user_id:93647178@N00;'
INFO: 2019-06-25 22:59:30,031: fetch() 'Making flickr API call: https://api.flickr.com/services/rest/?method=flickr.photos.search&api_key=0553a848c09bcfd21d3a984d9408c04e&per_page=500&tag_mode=all&format=json&nojsoncallback=1&user_id=93647178@N00'
INFO: 2019-06-25 22:59:32,373: fill_queue() '1 pages in the search results, using page 1'
INFO: 2019-06-25 22:59:32,373: fetch() 'Making flickr API call: https://api.flickr.com/services/rest/?method=flickr.photos.search&api_key=0553a848c09bcfd21d3a984d9408c04e&per_page=500&tag_mode=all&format=json&nojsoncallback=1&user_id=93647178@N00&extras=owner_name,description,tags,o_dims,url_o,url_k,url_h,url_l&page=1'
INFO: 2019-06-25 22:59:35,020: process_photos_in_response() 'Queue size is 0, populating with images for size suffix o'
INFO: 2019-06-25 22:59:35,031: fill_queue() 'Flickr queue populated with 69 URLs'
INFO: 2019-06-25 22:59:35,031: download_one() 'Photo URL: https://www.flickr.com/photos/93647178@N00/7527791418'
INFO: 2019-06-25 22:59:35,031: save_locally() 'Origin URL: https://www.flickr.com/photos/93647178@N00/7527791418'
INFO: 2019-06-25 22:59:35,031: save_locally() 'Image URL: https://live.staticflickr.com/7269/7527791418_608746f18c_o.jpg'
INFO: 2019-06-25 22:59:35,031: save_locally() 'Local name: /home/tony/.config/variety/Downloaded/flickr_user_www_flickr_com_photos_peter_levi__user_id_93647178_N00_/7527791418_608746f18c_o.jpg'
INFO: 2019-06-25 22:59:38,899: save_locally() 'Download complete'
INFO: 2019-06-25 22:59:38,899: update_indicator() 'Setting file info to: /home/tony/.config/variety/Downloaded/reddit_www_reddit_com_r_wallpaper_/kv2gh5hxna431.jpg'
INFO: 2019-06-25 22:59:38,994: prepare_thread() 'Prepared buffer contains 16 images'
INFO: 2019-06-25 23:00:30,030: download_one() 'Downloading an image from Reddit, https://www.reddit.com/r/wallpaper/'
INFO: 2019-06-25 23:00:30,030: download_one() 'Queue size: 99'
INFO: 2019-06-25 23:00:30,031: save_locally() 'Origin URL: https://www.reddit.com/r/wallpaper/comments/c4kn1e/night_road1920_1080/'
INFO: 2019-06-25 23:00:30,031: save_locally() 'Image URL: https://i.imgur.com/ygbJe1T.jpg'
INFO: 2019-06-25 23:00:30,032: save_locally() 'Local name: /home/tony/.config/variety/Downloaded/reddit_www_reddit_com_r_wallpaper_/ygbJe1T.jpg'
INFO: 2019-06-25 23:00:32,789: save_locally() 'Download complete'
INFO: 2019-06-25 23:00:32,790: update_indicator() 'Setting file info to: /home/tony/.config/variety/Downloaded/reddit_www_reddit_com_r_wallpaper_/kv2gh5hxna431.jpg'
INFO: 2019-06-25 23:00:32,851: download_one_from() 'Adding downloaded file /home/tony/.config/variety/Downloaded/reddit_www_reddit_com_r_wallpaper_/ygbJe1T.jpg to prepared_from_downloads queue'
INFO: 2019-06-25 23:01:30,030: download_one() 'Downloading a random image from desktoppr.co'
INFO: 2019-06-25 23:01:32,587: save_locally() 'Origin URL: https://www.desktoppr.co/wallpapers/257054'
INFO: 2019-06-25 23:01:32,588: save_locally() 'Image URL: http://a.desktopprassets.com/wallpapers/c75d1bddbf73091761658395f389b91d31e8e55e/hong_kong_-_yjxiogo.jpg'
INFO: 2019-06-25 23:01:32,588: save_locally() 'Local name: /home/tony/.config/variety/Downloaded/Desktoppr/hong_kong_-_yjxiogo.jpg'
INFO: 2019-06-25 23:01:34,350: save_locally() 'Download complete'
INFO: 2019-06-25 23:01:34,350: update_indicator() 'Setting file info to: /home/tony/.config/variety/Downloaded/reddit_www_reddit_com_r_wallpaper_/kv2gh5hxna431.jpg'
INFO: 2019-06-25 23:01:34,417: prepare_thread() 'Prepared buffer contains 16 images'
INFO: 2019-06-25 23:02:30,030: download_one() 'Downloading an image from Bing'
INFO: 2019-06-25 23:02:30,031: download_one() 'Queue size: 7'
INFO: 2019-06-25 23:02:30,032: save_locally() 'Origin URL: https://www.bing.com/gallery/#images/th?id=OHR.HelixPomatia'
INFO: 2019-06-25 23:02:30,032: save_locally() 'Image URL: https://www.bing.com/th?id=OHR.HelixPomatia_EN-US3386213495_1920x1080.jpg&rf=LaDigue_1920x1080.jpg&pid=hp'
INFO: 2019-06-25 23:02:30,033: save_locally() 'Local name: /home/tony/.config/variety/Downloaded/Bing/th.jpg'
INFO: 2019-06-25 23:02:30,033: save_locally() 'File already exists, skip downloading'
INFO: 2019-06-25 23:03:30,031: download_one() 'Downloading an image from Reddit, https://www.reddit.com/r/wallpaper/'
INFO: 2019-06-25 23:03:30,031: download_one() 'Queue size: 98'
INFO: 2019-06-25 23:03:30,032: save_locally() 'Origin URL: https://www.reddit.com/r/wallpaper/comments/c4s2cm/1920x1080_hd_michael_c_ruppert/'
INFO: 2019-06-25 23:03:30,032: save_locally() 'Image URL: https://i.imgur.com/MJZZA8P.jpg'
INFO: 2019-06-25 23:03:30,032: save_locally() 'Local name: /home/tony/.config/variety/Downloaded/reddit_www_reddit_com_r_wallpaper_/MJZZA8P.jpg'
INFO: 2019-06-25 23:03:33,423: save_locally() 'Download complete'
INFO: 2019-06-25 23:03:33,423: update_indicator() 'Setting file info to: /home/tony/.config/variety/Downloaded/reddit_www_reddit_com_r_wallpaper_/kv2gh5hxna431.jpg'
INFO: 2019-06-25 23:03:33,485: prepare_thread() 'Prepared buffer contains 16 images'
INFO: 2019-06-25 23:04:30,031: parse_server_options() 'Wallhaven.cc: parsing serverside options'
INFO: 2019-06-25 23:04:30,032: parse_server_options() 'Wallhaven.cc serverside options: {'min_fill_queue_interval': 1800, 'min_download_interval': 1800}'
INFO: 2019-06-25 23:04:30,032: download_one() 'Downloading an image from Wallhaven.cc, https://alpha.wallhaven.cc/search?q=game&categories=111&purity=100&topRange=1M&sorting=toplist&order=desc'
INFO: 2019-06-25 23:04:30,033: download_one() 'Queue size: 0'
INFO: 2019-06-25 23:04:30,033: download_one() 'Wallhaven queue empty, but minimal interval between fill attempts is 1800, will try again later'
INFO: 2019-06-25 23:05:30,031: download_one() 'Downloading an image from Bing'
INFO: 2019-06-25 23:05:30,032: download_one() 'Queue size: 6'
INFO: 2019-06-25 23:05:30,032: save_locally() 'Origin URL: https://www.bing.com/gallery/#images/th?id=OHR.PhilippinesFirefly'
INFO: 2019-06-25 23:05:30,033: save_locally() 'Image URL: https://www.bing.com/th?id=OHR.PhilippinesFirefly_EN-US5113207566_1920x1080.jpg&rf=LaDigue_1920x1080.jpg&pid=hp'
INFO: 2019-06-25 23:05:30,033: save_locally() 'Local name: /home/tony/.config/variety/Downloaded/Bing/th.jpg'
INFO: 2019-06-25 23:05:30,033: save_locally() 'File already exists, skip downloading'
INFO: 2019-06-25 23:06:30,032: parse_server_options() 'Flickr: parsing serverside options'
INFO: 2019-06-25 23:06:30,032: parse_server_options() 'Flickr serverside options: {'min_fill_queue_interval': 1200, 'min_download_interval': 1200}'
INFO: 2019-06-25 23:06:30,033: download_one() 'Minimal interval between Flickr downloads is 1200, skip this attempt'
