[2019-06-05 15:57:27.052437] [0x00007fdfd05f85c0] [info ] (main.cpp:246) - radiotray-ng (v0.2.5-unknown) starting up
[2019-06-05 15:57:27.052525] [0x00007fdfd05f85c0] [info ] (main.cpp:248) - radiotray-ng/0.2.5 (Linux x86_64; Arch/rolling (n/a))
[2019-06-05 15:57:27.052550] [0x00007fdfd05f85c0] [debug] (config.cpp:29) - loading: /home/tony/.config/radiotray-ng/radiotray-ng.json
[2019-06-05 15:57:27.052599] [0x00007fdfd05f85c0] [info ] (main.cpp:90) - debug logging disabled
[2019-06-05 15:57:27.052623] [0x00007fdfd05f85c0] [info ] (player.cpp:31) - starting gstreamer
[2019-06-05 15:57:36.737891] [0x00007fdfd05f85c0] [info ] (radiotray_ng.cpp:497) - downloading: Pop / Rock, Indie Pop Rocks!, http://somafm.com/indiepop.pls
[2019-06-05 15:57:36.751853] [0x00007fdfd05f85c0] [error] (playlist_downloader.cpp:158) - curl_easy_perform() failed: Couldn't resolve host name 0
[2019-06-05 15:57:36.751943] [0x00007fdfd05f85c0] [error] (playlist_downloader.cpp:75) - Could not download playlist!
[2019-06-05 15:57:36.751962] [0x00007fdfd05f85c0] [error] (playlist_downloader.cpp:85) - http_resp_code = 0
[2019-06-05 15:57:36.751977] [0x00007fdfd05f85c0] [error] (radiotray_ng.cpp:529) - failed to download playlist: http://somafm.com/indiepop.pls
[2019-06-05 15:57:50.775201] [0x00007fdfd05f85c0] [info ] (radiotray_ng.cpp:497) - downloading: Pop / Rock, Indie Pop Rocks!, http://somafm.com/indiepop.pls
[2019-06-05 15:57:50.790002] [0x00007fdfd05f85c0] [error] (playlist_downloader.cpp:158) - curl_easy_perform() failed: Couldn't resolve host name 0
[2019-06-05 15:57:50.790228] [0x00007fdfd05f85c0] [error] (playlist_downloader.cpp:75) - Could not download playlist!
[2019-06-05 15:57:50.790320] [0x00007fdfd05f85c0] [error] (playlist_downloader.cpp:85) - http_resp_code = 0
[2019-06-05 15:57:50.790416] [0x00007fdfd05f85c0] [error] (radiotray_ng.cpp:529) - failed to download playlist: http://somafm.com/indiepop.pls
[2019-06-05 15:57:58.529678] [0x00007fdfd05f85c0] [info ] (radiotray_ng.cpp:497) - downloading: Pop / Rock, Indie Pop Rocks!, http://somafm.com/indiepop.pls
[2019-06-05 15:57:58.541108] [0x00007fdfd05f85c0] [error] (playlist_downloader.cpp:158) - curl_easy_perform() failed: Couldn't resolve host name 0
[2019-06-05 15:57:58.541380] [0x00007fdfd05f85c0] [error] (playlist_downloader.cpp:75) - Could not download playlist!
[2019-06-05 15:57:58.541466] [0x00007fdfd05f85c0] [error] (playlist_downloader.cpp:85) - http_resp_code = 0
[2019-06-05 15:57:58.541525] [0x00007fdfd05f85c0] [error] (radiotray_ng.cpp:529) - failed to download playlist: http://somafm.com/indiepop.pls
[2019-06-05 15:59:03.532246] [0x00007fdfd05f85c0] [info ] (radiotray_ng.cpp:497) - downloading: Pop / Rock, Indie Pop Rocks!, http://somafm.com/indiepop.pls
[2019-06-05 15:59:05.066747] [0x00007fdfd05f85c0] [info ] (playlist_downloader.cpp:96) - decoder: PLS, audio/x-scpls
[2019-06-05 16:01:02.972528] [0x00007fdf8a7fc700] [error] (player.cpp:177) - buffering timeout, restarting stream...
[2019-06-05 16:01:11.572011] [0x00007fdfd05f85c0] [info ] (player.cpp:306) - canceling outstanding clock request
[2019-06-05 16:01:14.574712] [0x00007fdfd05f85c0] [info ] (player.cpp:306) - canceling outstanding clock request
[2019-06-05 16:01:18.010448] [0x00007fdfd05f85c0] [info ] (player.cpp:306) - canceling outstanding clock request
[2019-06-05 16:03:49.551162] [0x00007fdfd05f85c0] [info ] (main.cpp:289) - radiotray-ng shutting down
[2019-06-05 16:03:49.564511] [0x00007fdfd05f85c0] [info ] (player.cpp:39) - stopping gstreamer
