[2019-06-08 11:11:46.819369] [0x00007f36114775c0] [info ] (main.cpp:246) - radiotray-ng (v0.2.5-unknown) starting up
[2019-06-08 11:11:46.828374] [0x00007f36114775c0] [info ] (main.cpp:248) - radiotray-ng/0.2.5 (Linux x86_64; Arch/rolling (n/a))
[2019-06-08 11:11:46.828446] [0x00007f36114775c0] [debug] (config.cpp:29) - loading: /home/tony/.config/radiotray-ng/radiotray-ng.json
[2019-06-08 11:11:46.835655] [0x00007f36114775c0] [info ] (main.cpp:90) - debug logging disabled
[2019-06-08 11:11:46.835730] [0x00007f36114775c0] [info ] (player.cpp:31) - starting gstreamer
[2019-06-08 11:11:55.145437] [0x00007f36114775c0] [info ] (radiotray_ng.cpp:497) - downloading: Pop / Rock, Indie Pop Rocks!, http://somafm.com/indiepop.pls
[2019-06-08 11:11:56.698756] [0x00007f36114775c0] [info ] (playlist_downloader.cpp:96) - decoder: PLS, audio/x-scpls
[2019-06-08 11:14:38.920894] [0x00007f35acef5700] [error] (player.cpp:177) - buffering timeout, restarting stream...
[2019-06-08 11:14:55.131531] [0x00007f36114775c0] [error] (player.cpp:201) - error received from element source: Internal data stream error. , 5,037:1
[2019-06-08 11:14:55.131665] [0x00007f36114775c0] [error] (player.cpp:204) - debugging information: ../gstreamer/libs/gst/base/gstbasesrc.c(3072): gst_base_src_loop (): /GstPlayBin3:player/GstURIDecodeBin3:uridecodebin3-1/GstURISourceBin:urisourcebin1/GstSoupHTTPSrc:source:
streaming stopped, reason error (-5)
[2019-06-08 11:15:23.560874] [0x00007f35acef5700] [error] (player.cpp:177) - buffering timeout, restarting stream...
[2019-06-08 11:17:22.780947] [0x00007f35acef5700] [error] (player.cpp:177) - buffering timeout, restarting stream...
[2019-06-08 11:17:50.867539] [0x00007f35acef5700] [error] (player.cpp:177) - buffering timeout, restarting stream...
[2019-06-08 11:19:48.297531] [0x00007f35acef5700] [error] (player.cpp:177) - buffering timeout, restarting stream...
[2019-06-08 11:20:47.037514] [0x00007f35acef5700] [error] (player.cpp:177) - buffering timeout, restarting stream...
[2019-06-08 11:26:20.874149] [0x00007f35acef5700] [error] (player.cpp:177) - buffering timeout, restarting stream...
[2019-06-08 11:27:09.348637] [0x00007f36114775c0] [error] (player.cpp:201) - error received from element source: Server does not support seeking. , 5,038:11
[2019-06-08 11:27:09.348721] [0x00007f36114775c0] [error] (player.cpp:204) - debugging information: ../gst-plugins-good/ext/soup/gstsouphttpsrc.c(1621): gst_soup_http_src_do_request (): /GstPlayBin3:player/GstURIDecodeBin3:uridecodebin3-8/GstURISourceBin:urisourcebin8/GstSoupHTTPSrc:source:
Server does not accept Range HTTP header, URL: http://ice2.somafm.com/indiepop-128-mp3, Redirect to: (NULL)
[2019-06-08 11:27:09.362107] [0x00007f36114775c0] [error] (player.cpp:211) - dropped connection, restarting stream...
[2019-06-08 11:27:36.479171] [0x00007f36114775c0] [info ] (player.cpp:126) - canceling outstanding clock request
[2019-06-08 11:37:28.763529] [0x00007f36114775c0] [error] (player.cpp:201) - error received from element source: Server does not support seeking. , 5,038:11
[2019-06-08 11:37:28.763617] [0x00007f36114775c0] [error] (player.cpp:204) - debugging information: ../gst-plugins-good/ext/soup/gstsouphttpsrc.c(1621): gst_soup_http_src_do_request (): /GstPlayBin3:player/GstURIDecodeBin3:uridecodebin3-10/GstURISourceBin:urisourcebin10/GstSoupHTTPSrc:source:
Server does not accept Range HTTP header, URL: http://ice1.somafm.com/indiepop-128-mp3, Redirect to: (NULL)
[2019-06-08 11:37:28.779253] [0x00007f36114775c0] [error] (player.cpp:211) - dropped connection, restarting stream...
[2019-06-08 11:37:34.547411] [0x00007f35acef5700] [error] (player.cpp:177) - buffering timeout, restarting stream...
[2019-06-08 12:02:40.967414] [0x00007f36114775c0] [info ] (radiotray_ng.cpp:57) - stopping player
[2019-06-08 12:02:44.204194] [0x00007f36114775c0] [info ] (main.cpp:289) - radiotray-ng shutting down
[2019-06-08 12:02:44.267651] [0x00007f36114775c0] [info ] (player.cpp:39) - stopping gstreamer
