[2019-05-12 12:39:35.945993] [0x00007fd1ea3475c0] [info ] (main.cpp:246) - radiotray-ng (v0.2.5-unknown) starting up
[2019-05-12 12:39:35.946077] [0x00007fd1ea3475c0] [info ] (main.cpp:248) - radiotray-ng/0.2.5 (Linux x86_64; Arch/rolling (n/a))
[2019-05-12 12:39:35.946104] [0x00007fd1ea3475c0] [debug] (config.cpp:29) - loading: /home/tony/.config/radiotray-ng/radiotray-ng.json
[2019-05-12 12:39:35.946162] [0x00007fd1ea3475c0] [info ] (main.cpp:90) - debug logging disabled
[2019-05-12 12:39:35.946187] [0x00007fd1ea3475c0] [info ] (player.cpp:31) - starting gstreamer
[2019-05-12 12:39:38.795843] [0x00007fd1ea3475c0] [info ] (radiotray_ng.cpp:497) - downloading: Pop / Rock, Indie Pop Rocks!, http://somafm.com/indiepop.pls
[2019-05-12 12:39:39.942720] [0x00007fd1ea3475c0] [info ] (playlist_downloader.cpp:96) - decoder: PLS, audio/x-scpls
[2019-05-12 13:06:46.617799] [0x00007fd19affd700] [error] (player.cpp:177) - buffering timeout, restarting stream...
[2019-05-12 13:07:16.062886] [0x00007fd1ea3475c0] [info ] (radiotray_ng.cpp:57) - stopping player
[2019-05-12 13:07:17.153079] [0x00007fd1ea3475c0] [info ] (radiotray_ng.cpp:497) - downloading: Pop / Rock, Indie Pop Rocks!, http://somafm.com/indiepop.pls
[2019-05-12 13:07:18.270326] [0x00007fd1ea3475c0] [info ] (playlist_downloader.cpp:96) - decoder: PLS, audio/x-scpls
[2019-05-12 13:31:30.685114] [0x00007fd1ea3475c0] [info ] (radiotray_ng.cpp:57) - stopping player
[2019-05-12 13:31:31.309955] [0x00007fd1ea3475c0] [info ] (radiotray_ng.cpp:497) - downloading: Pop / Rock, Indie Pop Rocks!, http://somafm.com/indiepop.pls
[2019-05-12 13:31:33.153045] [0x00007fd1ea3475c0] [info ] (playlist_downloader.cpp:96) - decoder: PLS, audio/x-scpls
[2019-05-12 13:39:17.276661] [0x00007fd19affd700] [error] (player.cpp:177) - buffering timeout, restarting stream...
[2019-05-12 13:39:57.367702] [0x00007fd1ea3475c0] [error] (player.cpp:201) - error received from element source: Could not resolve server name. , 4,927:3
[2019-05-12 13:39:57.367855] [0x00007fd1ea3475c0] [error] (player.cpp:204) - debugging information: ../gst-plugins-good/ext/soup/gstsouphttpsrc.c(1372): gst_soup_http_src_parse_status (): /GstPlayBin3:player/GstURIDecodeBin3:uridecodebin3-4/GstURISourceBin:urisourcebin4/GstSoupHTTPSrc:source:
Error resolving “ice4.somafm.com”: Temporary failure in name resolution (2), URL: http://ice4.somafm.com/indiepop-128-mp3, Redirect to: (NULL)
[2019-05-12 13:39:57.379256] [0x00007fd1ea3475c0] [error] (player.cpp:201) - error received from element source: Could not resolve server name. , 4,927:3
[2019-05-12 13:39:57.379313] [0x00007fd1ea3475c0] [error] (player.cpp:204) - debugging information: ../gst-plugins-good/ext/soup/gstsouphttpsrc.c(1372): gst_soup_http_src_parse_status (): /GstPlayBin3:player/GstURIDecodeBin3:uridecodebin3-5/GstURISourceBin:urisourcebin5/GstSoupHTTPSrc:source:
Error resolving “ice2.somafm.com”: Temporary failure in name resolution (2), URL: http://ice2.somafm.com/indiepop-128-mp3, Redirect to: (NULL)
[2019-05-12 13:39:57.386625] [0x00007fd1ea3475c0] [error] (player.cpp:201) - error received from element source: Could not resolve server name. , 4,927:3
[2019-05-12 13:39:57.386686] [0x00007fd1ea3475c0] [error] (player.cpp:204) - debugging information: ../gst-plugins-good/ext/soup/gstsouphttpsrc.c(1372): gst_soup_http_src_parse_status (): /GstPlayBin3:player/GstURIDecodeBin3:uridecodebin3-6/GstURISourceBin:urisourcebin6/GstSoupHTTPSrc:source:
Error resolving “ice1.somafm.com”: Temporary failure in name resolution (2), URL: http://ice1.somafm.com/indiepop-128-mp3, Redirect to: (NULL)
[2019-05-12 13:39:57.387869] [0x00007fd1ea3475c0] [info ] (player.cpp:76) - playlist is empty
[2019-05-12 13:40:10.034042] [0x00007fd1ea3475c0] [info ] (radiotray_ng.cpp:497) - downloading: Pop / Rock, Indie Pop Rocks!, http://somafm.com/indiepop.pls
[2019-05-12 13:40:20.128565] [0x00007fd1ea3475c0] [error] (playlist_downloader.cpp:158) - curl_easy_perform() failed: Couldn't resolve host name 0
[2019-05-12 13:40:20.128792] [0x00007fd1ea3475c0] [error] (playlist_downloader.cpp:75) - Could not download playlist!
[2019-05-12 13:40:20.128922] [0x00007fd1ea3475c0] [error] (playlist_downloader.cpp:85) - http_resp_code = 0
[2019-05-12 13:40:20.128992] [0x00007fd1ea3475c0] [error] (radiotray_ng.cpp:529) - failed to download playlist: http://somafm.com/indiepop.pls
