00:00:01.285234 VirtualBox GUI VM Selector Window 6.0.8 r130347 linux.amd64 (May 15 2019 09:04:27) release log
00:00:01.285243 Log opened 2019-06-16T08:10:51.400466000Z
00:00:01.285249 Build Type: release
00:00:01.285257 OS Product: Linux
00:00:01.285264 OS Release: 5.1.9-arch1-1-ARCH
00:00:01.285270 OS Version: #1 SMP PREEMPT Tue Jun 11 16:18:09 UTC 2019
00:00:01.285324 DMI Product Name: Satellite P840
00:00:01.285350 DMI Product Version: PSPJ5A-01900C
00:00:01.285458 Host RAM: 3845MB (3.7GB) total, 2781MB (2.7GB) available
00:00:01.285469 Executable: /usr/lib/virtualbox/VirtualBox
00:00:01.285473 Process ID: 4188
00:00:01.285478 Package type: LINUX_64BITS_GENERIC (OSE)
00:00:01.285562 Qt version: 5.12.3
00:00:01.416793 GUI: UIMediumEnumerator: Medium-enumeration started...
00:00:02.512625 GUI: UIDesktopWidgetWatchdog::sltHandleHostScreenAvailableGeometryCalculated: Screen 0 work area is actually resized to: 12x37 x 688x715
00:00:02.569237 Failed to open "/dev/vboxdrv", errno=13, rc=VERR_VM_DRIVER_NOT_ACCESSIBLE
00:00:02.569510 GUI: UIMediumEnumerator: Medium-enumeration finished!
00:00:02.672375 refreshCertificates/#1: Certificate '/etc/ca-certificates/extracted/objsign-ca-bundle.pem' is empty
00:00:02.678041 refreshCertificates/#3: Found 1/308 SSL certs we/you trust (previously 1/308).
00:00:17.042338 GUI: UIMediumEnumerator: Medium-enumeration finished!
00:00:24.394679 GUI: UIMediumEnumerator: Medium-enumeration started...
00:00:24.473126 GUI: UIMediumEnumerator: Medium-enumeration finished!
00:00:46.283421 GUI: UIMediumEnumerator: Medium with key={{17f7900d-871e-40e3-92be-0a24814d5d8c}} created
00:00:46.999921 GUI: UIMediumEnumerator: Medium-enumeration finished!
00:00:55.609445 GUI: UIMediumEnumerator: Medium-enumeration started...
00:00:56.131070 2D support test succeeded
00:00:56.296811 GUI: UIMediumEnumerator: Medium-enumeration finished!
00:01:11.793983 GUI: UIMediumEnumerator: Medium with key={{388080bd-0173-4097-a1d9-30fc4175d616}} created
00:01:13.620846 GUI: UIMediumEnumerator: Medium-enumeration finished!
